<?xml version="1.0" encoding="UTF-8"?>
<testng-results ignored="0" total="1" passed="1" failed="0" skipped="0">
  <reporter-output>
  </reporter-output>
  <suite started-at="2023-11-30T12:45:48 IST" name="Default suite" finished-at="2023-11-30T12:45:54 IST" duration-ms="5710">
    <groups>
    </groups>
    <test started-at="2023-11-30T12:45:48 IST" name="Default test" finished-at="2023-11-30T12:45:54 IST" duration-ms="5710">
      <class name="jenkins.BrowserTest">
        <test-method signature="test()[pri:0, instance:jenkins.BrowserTest@49e53c76]" started-at="2023-11-30T12:45:48 IST" name="test" finished-at="2023-11-30T12:45:54 IST" duration-ms="5638" status="PASS">
          <reporter-output>
          </reporter-output>
        </test-method> <!-- test -->
      </class> <!-- jenkins.BrowserTest -->
    </test> <!-- Default test -->
  </suite> <!-- Default suite -->
</testng-results>
